<?xml version="1.0" encoding="UTF-8"?>
<!-- Generated by org.testng.reporters.JUnitXMLReporter -->
<testsuite hostname="DESKTOP-TTAV2T1" name="Command line test" tests="4" failures="0" timestamp="20 Sep 2022 06:57:43 GMT" time="0.112" errors="0">
  <testcase name="@BeforeClass classSetUp" time="0.0" classname="org.altairretro.practice.AccountAddTest">
    <failure type="org.testng.TestNGException" message="
Parameter &amp;apos;browser&amp;apos; is required by @Configuration on method classSetUp but has not been marked @Optional or defined
">
      <![CDATA[org.testng.TestNGException: 
Parameter 'browser' is required by @Configuration on method classSetUp but has not been marked @Optional or defined

... Removed 31 stack frames]]>
    </failure>
  </testcase> <!-- @BeforeClass classSetUp -->
  <testcase name="@BeforeMethod methodSetUp" time="0.0" classname="org.altairretro.practice.AccountAddTest">
    <skipped/>
  </testcase> <!-- @BeforeMethod methodSetUp -->
  <testcase name="@AfterMethod methodTearDown" time="0.0" classname="org.altairretro.practice.AccountAddTest">
    <skipped/>
  </testcase> <!-- @AfterMethod methodTearDown -->
  <testcase name="@BeforeClass classSetUp" time="0.0" classname="org.altairretro.practice.AddSupplierTest">
    <skipped/>
  </testcase> <!-- @BeforeClass classSetUp -->
  <testcase name="@BeforeMethod methodSetUp" time="0.0" classname="org.altairretro.practice.AddSupplierTest">
    <skipped/>
  </testcase> <!-- @BeforeMethod methodSetUp -->
  <testcase name="@AfterMethod methodTearDown" time="0.0" classname="org.altairretro.practice.AddSupplierTest">
    <skipped/>
  </testcase> <!-- @AfterMethod methodTearDown -->
  <testcase name="@BeforeClass classSetUp" time="0.0" classname="org.altairretro.practice.CustomerTest">
    <skipped/>
  </testcase> <!-- @BeforeClass classSetUp -->
  <testcase name="@BeforeMethod methodSetUp" time="0.0" classname="org.altairretro.practice.CustomerTest">
    <skipped/>
  </testcase> <!-- @BeforeMethod methodSetUp -->
  <testcase name="@AfterMethod methodTearDown" time="0.0" classname="org.altairretro.practice.CustomerTest">
    <skipped/>
  </testcase> <!-- @AfterMethod methodTearDown -->
  <testcase name="@BeforeClass classSetUp" time="0.0" classname="org.altairretro.practice.ProductAddTest">
    <skipped/>
  </testcase> <!-- @BeforeClass classSetUp -->
  <testcase name="@BeforeMethod methodSetUp" time="0.0" classname="org.altairretro.practice.ProductAddTest">
    <skipped/>
  </testcase> <!-- @BeforeMethod methodSetUp -->
  <testcase name="@AfterMethod methodTearDown" time="0.0" classname="org.altairretro.practice.ProductAddTest">
    <skipped/>
  </testcase> <!-- @AfterMethod methodTearDown -->
  <testcase name="AccountAction" time="0.04" classname="org.altairretro.practice.AccountAddTest">
    <skipped/>
  </testcase> <!-- AccountAction -->
  <testcase name="SupplierAction" time="0.0" classname="org.altairretro.practice.AddSupplierTest">
    <skipped/>
  </testcase> <!-- SupplierAction -->
  <testcase name="CustomerADDAction" time="0.001" classname="org.altairretro.practice.CustomerTest">
    <skipped/>
  </testcase> <!-- CustomerADDAction -->
  <testcase name="addProduct" time="0.001" classname="org.altairretro.practice.ProductAddTest">
    <skipped/>
  </testcase> <!-- addProduct -->
</testsuite> <!-- Command line test -->
