<?xml version="1.0" encoding="UTF-8"?>
<!-- Generated by org.testng.reporters.JUnitXMLReporter -->
<testsuite hostname="DESKTOP-TTAV2T1" name="Test" tests="4" failures="0" timestamp="20 Sep 2022 07:50:53 GMT" time="36.403" errors="0">
  <testcase name="@BeforeClass classSetUp" time="0.0" classname="org.altairretro.practice.AddSupplierTest">
    <failure type="org.openqa.selenium.WebDriverException" message="unknown error: net::ERR_NAME_NOT_RESOLVED
  (Session info: chrome=105.0.5195.127)
Build info: version: &amp;apos;4.4.0&amp;apos;, revision: &amp;apos;e5c75ed026a&amp;apos;
System info: host: &amp;apos;DESKTOP-TTAV2T1&amp;apos;, ip: &amp;apos;192.168.254.182&amp;apos;, os.name: &amp;apos;Windows 10&amp;apos;, os.arch: &amp;apos;amd64&amp;apos;, os.version: &amp;apos;10.0&amp;apos;, java.version: &amp;apos;1.8.0_201&amp;apos;
Driver info: org.openqa.selenium.chrome.ChromeDriver
Command: [4b08e7a0aa128294162fc1857a9acde5, get {url=http://rmgtestingserver/domain/Sales_And_Inventory_System/pages/login.php}]
Capabilities {acceptInsecureCerts: false, browserName: chrome, browserVersion: 105.0.5195.127, chrome: {chromedriverVersion: 105.0.5195.19 (b9c217c128c1..., userDataDir: C:\Users\User\AppData\Local...}, goog:chromeOptions: {debuggerAddress: localhost:65527}, networkConnectionEnabled: false, pageLoadStrategy: normal, platformName: WINDOWS, proxy: Proxy(), se:cdp: ws://localhost:65527/devtoo..., se:cdpVersion: 105.0.5195.127, setWindowRect: true, strictFileInteractability: false, timeouts: {implicit: 0, pageLoad: 300000, script: 30000}, unhandledPromptBehavior: dismiss and notify, webauthn:extension:credBlob: true, webauthn:extension:largeBlob: true, webauthn:virtualAuthenticators: true}
Session ID: 4b08e7a0aa128294162fc1857a9acde5">
      <![CDATA[org.openqa.selenium.WebDriverException: unknown error: net::ERR_NAME_NOT_RESOLVED
  (Session info: chrome=105.0.5195.127)
Build info: version: '4.4.0', revision: 'e5c75ed026a'
System info: host: 'DESKTOP-TTAV2T1', ip: '192.168.254.182', os.name: 'Windows 10', os.arch: 'amd64', os.version: '10.0', java.version: '1.8.0_201'
Driver info: org.openqa.selenium.chrome.ChromeDriver
Command: [4b08e7a0aa128294162fc1857a9acde5, get {url=http://rmgtestingserver/domain/Sales_And_Inventory_System/pages/login.php}]
Capabilities {acceptInsecureCerts: false, browserName: chrome, browserVersion: 105.0.5195.127, chrome: {chromedriverVersion: 105.0.5195.19 (b9c217c128c1..., userDataDir: C:\Users\User\AppData\Local...}, goog:chromeOptions: {debuggerAddress: localhost:65527}, networkConnectionEnabled: false, pageLoadStrategy: normal, platformName: WINDOWS, proxy: Proxy(), se:cdp: ws://localhost:65527/devtoo..., se:cdpVersion: 105.0.5195.127, setWindowRect: true, strictFileInteractability: false, timeouts: {implicit: 0, pageLoad: 300000, script: 30000}, unhandledPromptBehavior: dismiss and notify, webauthn:extension:credBlob: true, webauthn:extension:largeBlob: true, webauthn:virtualAuthenticators: true}
Session ID: 4b08e7a0aa128294162fc1857a9acde5
	at org.openqa.selenium.remote.codec.w3c.W3CHttpResponseCodec.createException(W3CHttpResponseCodec.java:200)
	at org.openqa.selenium.remote.codec.w3c.W3CHttpResponseCodec.decode(W3CHttpResponseCodec.java:133)
	at org.openqa.selenium.remote.codec.w3c.W3CHttpResponseCodec.decode(W3CHttpResponseCodec.java:53)
	at org.openqa.selenium.remote.HttpCommandExecutor.execute(HttpCommandExecutor.java:184)
	at org.openqa.selenium.remote.service.DriverCommandExecutor.invokeExecute(DriverCommandExecutor.java:167)
	at org.openqa.selenium.remote.service.DriverCommandExecutor.execute(DriverCommandExecutor.java:142)
	at org.openqa.selenium.remote.RemoteWebDriver.execute(RemoteWebDriver.java:547)
	at org.openqa.selenium.remote.RemoteWebDriver.get(RemoteWebDriver.java:310)
	at genericUtility.WebDriverUtility.navigateApplication(WebDriverUtility.java:98)
	at genericUtility.WebDriverUtility.openBrowserWithApplication(WebDriverUtility.java:110)
	at genericUtility.BaseClass.classSetUp(BaseClass.java:81)
... Removed 32 stack frames]]>
    </failure>
  </testcase> <!-- @BeforeClass classSetUp -->
  <testcase name="@BeforeMethod methodSetUp" time="0.0" classname="org.altairretro.practice.AddSupplierTest">
    <skipped/>
  </testcase> <!-- @BeforeMethod methodSetUp -->
  <testcase name="@AfterMethod methodTearDown" time="0.0" classname="org.altairretro.practice.AddSupplierTest">
    <skipped/>
  </testcase> <!-- @AfterMethod methodTearDown -->
  <testcase name="@BeforeClass classSetUp" time="0.0" classname="org.altairretro.practice.AccountAddTest">
    <skipped/>
  </testcase> <!-- @BeforeClass classSetUp -->
  <testcase name="@BeforeMethod methodSetUp" time="0.0" classname="org.altairretro.practice.AccountAddTest">
    <skipped/>
  </testcase> <!-- @BeforeMethod methodSetUp -->
  <testcase name="@AfterMethod methodTearDown" time="0.0" classname="org.altairretro.practice.AccountAddTest">
    <skipped/>
  </testcase> <!-- @AfterMethod methodTearDown -->
  <testcase name="@BeforeClass classSetUp" time="0.0" classname="org.altairretro.practice.CustomerTest">
    <skipped/>
  </testcase> <!-- @BeforeClass classSetUp -->
  <testcase name="@BeforeMethod methodSetUp" time="0.0" classname="org.altairretro.practice.CustomerTest">
    <skipped/>
  </testcase> <!-- @BeforeMethod methodSetUp -->
  <testcase name="@AfterMethod methodTearDown" time="0.0" classname="org.altairretro.practice.CustomerTest">
    <skipped/>
  </testcase> <!-- @AfterMethod methodTearDown -->
  <testcase name="@BeforeClass classSetUp" time="0.0" classname="org.altairretro.practice.ProductAddTest">
    <skipped/>
  </testcase> <!-- @BeforeClass classSetUp -->
  <testcase name="@BeforeMethod methodSetUp" time="0.0" classname="org.altairretro.practice.ProductAddTest">
    <skipped/>
  </testcase> <!-- @BeforeMethod methodSetUp -->
  <testcase name="@AfterMethod methodTearDown" time="0.0" classname="org.altairretro.practice.ProductAddTest">
    <skipped/>
  </testcase> <!-- @AfterMethod methodTearDown -->
  <testcase name="SupplierAction" time="0.185" classname="org.altairretro.practice.AddSupplierTest">
    <skipped/>
  </testcase> <!-- SupplierAction -->
  <testcase name="AccountAction" time="0.001" classname="org.altairretro.practice.AccountAddTest">
    <skipped/>
  </testcase> <!-- AccountAction -->
  <testcase name="CustomerADDAction" time="0.001" classname="org.altairretro.practice.CustomerTest">
    <skipped/>
  </testcase> <!-- CustomerADDAction -->
  <testcase name="addProduct" time="0.001" classname="org.altairretro.practice.ProductAddTest">
    <skipped/>
  </testcase> <!-- addProduct -->
</testsuite> <!-- Test -->
